
34. Printing statistics.

=== accelerator ===

   Number of wires:             174527
   Number of wire bits:         177152
   Number of public wires:       24640
   Number of public wire bits:   27265
   Number of memories:               0
   Number of memory bits:            0
   Number of processes:              0
   Number of cells:             174750
     sky130_fd_sc_hd__a2111o_2     343
     sky130_fd_sc_hd__a2111oi_2     46
     sky130_fd_sc_hd__a211o_2      833
     sky130_fd_sc_hd__a211oi_2     909
     sky130_fd_sc_hd__a21bo_2     1163
     sky130_fd_sc_hd__a21boi_2     115
     sky130_fd_sc_hd__a21o_2      3327
     sky130_fd_sc_hd__a21oi_2    13533
     sky130_fd_sc_hd__a221o_2      717
     sky130_fd_sc_hd__a221oi_2      11
     sky130_fd_sc_hd__a22o_2      2053
     sky130_fd_sc_hd__a22oi_2       15
     sky130_fd_sc_hd__a2bb2o_2      55
     sky130_fd_sc_hd__a311o_2      115
     sky130_fd_sc_hd__a311oi_2      14
     sky130_fd_sc_hd__a31o_2      3298
     sky130_fd_sc_hd__a31oi_2      297
     sky130_fd_sc_hd__a32o_2       297
     sky130_fd_sc_hd__a32oi_2        5
     sky130_fd_sc_hd__a41o_2       129
     sky130_fd_sc_hd__a41oi_2        7
     sky130_fd_sc_hd__and2_2     13559
     sky130_fd_sc_hd__and2b_2      867
     sky130_fd_sc_hd__and3_2      4448
     sky130_fd_sc_hd__and3b_2       74
     sky130_fd_sc_hd__and4_2      1691
     sky130_fd_sc_hd__and4b_2      300
     sky130_fd_sc_hd__and4bb_2      75
     sky130_fd_sc_hd__buf_1      33264
     sky130_fd_sc_hd__buf_2          2
     sky130_fd_sc_hd__conb_1         1
     sky130_fd_sc_hd__dfxtp_2    24701
     sky130_fd_sc_hd__inv_2       1605
     sky130_fd_sc_hd__mux2_2      8304
     sky130_fd_sc_hd__nand2_2    11719
     sky130_fd_sc_hd__nand2b_2       1
     sky130_fd_sc_hd__nand3_2      183
     sky130_fd_sc_hd__nand3b_2      50
     sky130_fd_sc_hd__nand4_2     1042
     sky130_fd_sc_hd__nand4b_2      30
     sky130_fd_sc_hd__nor2_2      6346
     sky130_fd_sc_hd__nor2b_2        3
     sky130_fd_sc_hd__nor3_2        86
     sky130_fd_sc_hd__nor3b_2       11
     sky130_fd_sc_hd__nor4_2        87
     sky130_fd_sc_hd__nor4b_2       81
     sky130_fd_sc_hd__o2111a_2     196
     sky130_fd_sc_hd__o2111ai_2    140
     sky130_fd_sc_hd__o211a_2      492
     sky130_fd_sc_hd__o211ai_2     102
     sky130_fd_sc_hd__o21a_2      9893
     sky130_fd_sc_hd__o21ai_2     5470
     sky130_fd_sc_hd__o21ba_2      933
     sky130_fd_sc_hd__o21bai_2      83
     sky130_fd_sc_hd__o221a_2       27
     sky130_fd_sc_hd__o221ai_2       5
     sky130_fd_sc_hd__o22a_2        52
     sky130_fd_sc_hd__o22ai_2       17
     sky130_fd_sc_hd__o2bb2a_2      51
     sky130_fd_sc_hd__o311a_2      107
     sky130_fd_sc_hd__o311ai_2       8
     sky130_fd_sc_hd__o31a_2      1425
     sky130_fd_sc_hd__o31ai_2      170
     sky130_fd_sc_hd__o32a_2        73
     sky130_fd_sc_hd__o32ai_2        8
     sky130_fd_sc_hd__o41a_2       204
     sky130_fd_sc_hd__o41ai_2       13
     sky130_fd_sc_hd__or2_2       9176
     sky130_fd_sc_hd__or2b_2      1762
     sky130_fd_sc_hd__or3_2        462
     sky130_fd_sc_hd__or3b_2       118
     sky130_fd_sc_hd__or4_2       1038
     sky130_fd_sc_hd__or4b_2       338
     sky130_fd_sc_hd__or4bb_2       68
     sky130_fd_sc_hd__xnor2_2     4777
     sky130_fd_sc_hd__xor2_2      1730

   Chip area for module '\accelerator': 1676011.177603

