
===========================================================================
 report_clock_skew
============================================================================

======================== Slowest Corner ==================================

Clock clk
Latency      CRPR       Skew
_300037_/CLK ^
   9.52
_312474_/CLK ^
   8.07     -0.16       1.29


======================= Typical Corner ===================================

Clock clk
Latency      CRPR       Skew
_300037_/CLK ^
   5.29
_312474_/CLK ^
   4.48     -0.09       0.72


======================= Fastest Corner ===================================

Clock clk
Latency      CRPR       Skew
_300037_/CLK ^
   3.58
_312474_/CLK ^
   3.03     -0.06       0.49

